<?xml version="1.0" encoding="UTF-8"?>
<testng-results ignored="0" total="2" passed="2" failed="0" skipped="0">
  <reporter-output>
  </reporter-output>
  <suite started-at="2022-07-08T11:43:59 IST" name="Suite" finished-at="2022-07-08T11:44:17 IST" duration-ms="17188">
    <groups>
    </groups>
    <test started-at="2022-07-08T11:43:59 IST" name="Test" finished-at="2022-07-08T11:44:17 IST" duration-ms="17188">
      <class name="Java.ABC.AppTest">
        <test-method signature="Test1()[pri:0, instance:Java.ABC.AppTest@20ce78ec]" started-at="2022-07-08T11:44:00 IST" name="Test1" finished-at="2022-07-08T11:44:00 IST" duration-ms="14" status="PASS">
          <reporter-output>
          </reporter-output>
        </test-method> <!-- Test1 -->
        <test-method signature="Test2()[pri:0, instance:Java.ABC.AppTest@20ce78ec]" started-at="2022-07-08T11:44:00 IST" name="Test2" finished-at="2022-07-08T11:44:17 IST" duration-ms="17116" status="PASS">
          <reporter-output>
          </reporter-output>
        </test-method> <!-- Test2 -->
      </class> <!-- Java.ABC.AppTest -->
    </test> <!-- Test -->
  </suite> <!-- Suite -->
</testng-results>
