<?xml version="1.0" encoding="UTF-8"?>
<testng-results ignored="0" total="2" passed="2" failed="0" skipped="0">
  <reporter-output>
  </reporter-output>
  <suite started-at="2022-07-07T21:29:36 IST" name="Suite" finished-at="2022-07-07T21:29:46 IST" duration-ms="10610">
    <groups>
    </groups>
    <test started-at="2022-07-07T21:29:36 IST" name="Test" finished-at="2022-07-07T21:29:46 IST" duration-ms="10610">
      <class name="Java.ABC.AppTest">
        <test-method signature="Test1()[pri:0, instance:Java.ABC.AppTest@20ce78ec]" started-at="2022-07-07T21:29:36 IST" name="Test1" finished-at="2022-07-07T21:29:36 IST" duration-ms="18" status="PASS">
          <reporter-output>
          </reporter-output>
        </test-method> <!-- Test1 -->
        <test-method signature="Test2()[pri:0, instance:Java.ABC.AppTest@20ce78ec]" started-at="2022-07-07T21:29:36 IST" name="Test2" finished-at="2022-07-07T21:29:46 IST" duration-ms="10546" status="PASS">
          <reporter-output>
          </reporter-output>
        </test-method> <!-- Test2 -->
      </class> <!-- Java.ABC.AppTest -->
    </test> <!-- Test -->
  </suite> <!-- Suite -->
</testng-results>
